# JRE version: OpenJDK Runtime Environment Temurin-21.0.8+9 (21.0.8+9) (build 21.0.8+9-LTS)
# Java VM: OpenJDK 64-Bit Server VM Temurin-21.0.8+9 (21.0.8+9-LTS, mixed mode, sharing, tiered, compressed oops, compressed class ptrs, parallel gc, windows-amd64)
GC Precious Log:
 CardTable entry size: 512
 CPUs: 12 total, 12 available
 Memory: 16110M
 Large Page Support: Disabled
 NUMA Support: Disabled
 Compressed Oops: Enabled (32-bit)
 Alignments: Space 512K, Generation 512K, Heap 2M
 Heap Min Capacity: 100M
 Heap Initial Capacity: 100M
 Heap Max Capacity: 2G
 Pre-touch: Disabled
 Parallel Workers: 10
Heap:
 PSYoungGen      total 2560K, used 1082K [0x00000000d5580000, 0x00000000d5980000, 0x0000000100000000)
  eden space 2048K, 35% used [0x00000000d5580000,0x00000000d5636b10,0x00000000d5780000)
  from space 512K, 68% used [0x00000000d5880000,0x00000000d58d8000,0x00000000d5900000)
  to   space 512K, 0% used [0x00000000d5900000,0x00000000d5900000,0x00000000d5980000)
 ParOldGen       total 862720K, used 636326K [0x0000000080000000, 0x00000000b4a80000, 0x00000000d5580000)
  object space 862720K, 73% used [0x0000000080000000,0x00000000a6d69a68,0x00000000b4a80000)
 Metaspace       used 79721K, committed 81536K, reserved 1179648K
  class space    used 7962K, committed 8768K, reserved 1048576K
GC Heap History (20 events):
Event: 275.869 GC heap before
{Heap before GC invocations=1824 (full 4):
 PSYoungGen      total 2560K, used 2336K [0x00000000d5580000, 0x00000000d5980000, 0x0000000100000000)
  eden space 2048K, 100% used [0x00000000d5580000,0x00000000d5780000,0x00000000d5780000)
  from space 512K, 56% used [0x00000000d5880000,0x00000000d58c8000,0x00000000d5900000)
  to   space 512K, 0% used [0x00000000d5900000,0x00000000d5900000,0x00000000d5980000)
 ParOldGen       total 862720K, used 634557K [0x0000000080000000, 0x00000000b4a80000, 0x00000000d5580000)
  object space 862720K, 73% used [0x0000000080000000,0x00000000a6baf638,0x00000000b4a80000)
 Metaspace       used 79668K, committed 81536K, reserved 1179648K
  class space    used 7961K, committed 8768K, reserved 1048576K
}
Event: 275.870 GC heap after
{Heap after GC invocations=1824 (full 4):
 PSYoungGen      total 2560K, used 256K [0x00000000d5580000, 0x00000000d5980000, 0x0000000100000000)
  eden space 2048K, 0% used [0x00000000d5580000,0x00000000d5580000,0x00000000d5780000)
  from space 512K, 50% used [0x00000000d5900000,0x00000000d5940000,0x00000000d5980000)
  to   space 512K, 0% used [0x00000000d5880000,0x00000000d5880000,0x00000000d5900000)
 ParOldGen       total 862720K, used 634677K [0x0000000080000000, 0x00000000b4a80000, 0x00000000d5580000)
  object space 862720K, 73% used [0x0000000080000000,0x00000000a6bcd648,0x00000000b4a80000)
 Metaspace       used 79668K, committed 81536K, reserved 1179648K
  class space    used 7961K, committed 8768K, reserved 1048576K
}
Event: 275.914 GC heap before
{Heap before GC invocations=1825 (full 4):
 PSYoungGen      total 2560K, used 2304K [0x00000000d5580000, 0x00000000d5980000, 0x0000000100000000)
  eden space 2048K, 100% used [0x00000000d5580000,0x00000000d5780000,0x00000000d5780000)
  from space 512K, 50% used [0x00000000d5900000,0x00000000d5940000,0x00000000d5980000)
  to   space 512K, 0% used [0x00000000d5880000,0x00000000d5880000,0x00000000d5900000)
 ParOldGen       total 862720K, used 634677K [0x0000000080000000, 0x00000000b4a80000, 0x00000000d5580000)
  object space 862720K, 73% used [0x0000000080000000,0x00000000a6bcd648,0x00000000b4a80000)
 Metaspace       used 79711K, committed 81536K, reserved 1179648K
  class space    used 7962K, committed 8768K, reserved 1048576K
}
Event: 275.916 GC heap after
{Heap after GC invocations=1825 (full 4):
 PSYoungGen      total 2560K, used 256K [0x00000000d5580000, 0x00000000d5980000, 0x0000000100000000)
  eden space 2048K, 0% used [0x00000000d5580000,0x00000000d5580000,0x00000000d5780000)
  from space 512K, 50% used [0x00000000d5880000,0x00000000d58c0000,0x00000000d5900000)
  to   space 512K, 0% used [0x00000000d5900000,0x00000000d5900000,0x00000000d5980000)
 ParOldGen       total 862720K, used 634717K [0x0000000080000000, 0x00000000b4a80000, 0x00000000d5580000)
  object space 862720K, 73% used [0x0000000080000000,0x00000000a6bd7648,0x00000000b4a80000)
 Metaspace       used 79711K, committed 81536K, reserved 1179648K
  class space    used 7962K, committed 8768K, reserved 1048576K
}
Event: 275.948 GC heap before
{Heap before GC invocations=1826 (full 4):
 PSYoungGen      total 2560K, used 2304K [0x00000000d5580000, 0x00000000d5980000, 0x0000000100000000)
  eden space 2048K, 100% used [0x00000000d5580000,0x00000000d5780000,0x00000000d5780000)
  from space 512K, 50% used [0x00000000d5880000,0x00000000d58c0000,0x00000000d5900000)
  to   space 512K, 0% used [0x00000000d5900000,0x00000000d5900000,0x00000000d5980000)
 ParOldGen       total 862720K, used 634717K [0x0000000080000000, 0x00000000b4a80000, 0x00000000d5580000)
  object space 862720K, 73% used [0x0000000080000000,0x00000000a6bd7648,0x00000000b4a80000)
 Metaspace       used 79712K, committed 81536K, reserved 1179648K
  class space    used 7962K, committed 8768K, reserved 1048576K
}
Event: 275.949 GC heap after
{Heap after GC invocations=1826 (full 4):
 PSYoungGen      total 2560K, used 416K [0x00000000d5580000, 0x00000000d5980000, 0x0000000100000000)
  eden space 2048K, 0% used [0x00000000d5580000,0x00000000d5580000,0x00000000d5780000)
  from space 512K, 81% used [0x00000000d5900000,0x00000000d5968000,0x00000000d5980000)
  to   space 512K, 0% used [0x00000000d5880000,0x00000000d5880000,0x00000000d5900000)
 ParOldGen       total 862720K, used 634805K [0x0000000080000000, 0x00000000b4a80000, 0x00000000d5580000)
  object space 862720K, 73% used [0x0000000080000000,0x00000000a6bed648,0x00000000b4a80000)
 Metaspace       used 79712K, committed 81536K, reserved 1179648K
  class space    used 7962K, committed 8768K, reserved 1048576K
}
Event: 276.000 GC heap before
{Heap before GC invocations=1827 (full 4):
 PSYoungGen      total 2560K, used 2464K [0x00000000d5580000, 0x00000000d5980000, 0x0000000100000000)
  eden space 2048K, 100% used [0x00000000d5580000,0x00000000d5780000,0x00000000d5780000)
  from space 512K, 81% used [0x00000000d5900000,0x00000000d5968000,0x00000000d5980000)
  to   space 512K, 0% used [0x00000000d5880000,0x00000000d5880000,0x00000000d5900000)
 ParOldGen       total 862720K, used 634805K [0x0000000080000000, 0x00000000b4a80000, 0x00000000d5580000)
  object space 862720K, 73% used [0x0000000080000000,0x00000000a6bed648,0x00000000b4a80000)
 Metaspace       used 79721K, committed 81536K, reserved 1179648K
  class space    used 7962K, committed 8768K, reserved 1048576K
}
Event: 276.002 GC heap after
{Heap after GC invocations=1827 (full 4):
 PSYoungGen      total 2560K, used 224K [0x00000000d5580000, 0x00000000d5980000, 0x0000000100000000)
  eden space 2048K, 0% used [0x00000000d5580000,0x00000000d5580000,0x00000000d5780000)
  from space 512K, 43% used [0x00000000d5880000,0x00000000d58b8000,0x00000000d5900000)
  to   space 512K, 0% used [0x00000000d5900000,0x00000000d5900000,0x00000000d5980000)
 ParOldGen       total 862720K, used 634957K [0x0000000080000000, 0x00000000b4a80000, 0x00000000d5580000)
  object space 862720K, 73% used [0x0000000080000000,0x00000000a6c13648,0x00000000b4a80000)
 Metaspace       used 79721K, committed 81536K, reserved 1179648K
  class space    used 7962K, committed 8768K, reserved 1048576K
}
Event: 276.312 GC heap before
{Heap before GC invocations=1828 (full 4):
 PSYoungGen      total 2560K, used 2272K [0x00000000d5580000, 0x00000000d5980000, 0x0000000100000000)
  eden space 2048K, 100% used [0x00000000d5580000,0x00000000d5780000,0x00000000d5780000)
  from space 512K, 43% used [0x00000000d5880000,0x00000000d58b8000,0x00000000d5900000)
  to   space 512K, 0% used [0x00000000d5900000,0x00000000d5900000,0x00000000d5980000)
 ParOldGen       total 862720K, used 634957K [0x0000000080000000, 0x00000000b4a80000, 0x00000000d5580000)
  object space 862720K, 73% used [0x0000000080000000,0x00000000a6c13648,0x00000000b4a80000)
 Metaspace       used 79721K, committed 81536K, reserved 1179648K
  class space    used 7962K, committed 8768K, reserved 1048576K
}
Event: 276.314 GC heap after
{Heap after GC invocations=1828 (full 4):
 PSYoungGen      total 2560K, used 496K [0x00000000d5580000, 0x00000000d5980000, 0x0000000100000000)
  eden space 2048K, 0% used [0x00000000d5580000,0x00000000d5580000,0x00000000d5780000)
  from space 512K, 96% used [0x00000000d5900000,0x00000000d597c010,0x00000000d5980000)
  to   space 1024K, 0% used [0x00000000d5780000,0x00000000d5780000,0x00000000d5880000)
 ParOldGen       total 862720K, used 634997K [0x0000000080000000, 0x00000000b4a80000, 0x00000000d5580000)
  object space 862720K, 73% used [0x0000000080000000,0x00000000a6c1d648,0x00000000b4a80000)
 Metaspace       used 79721K, committed 81536K, reserved 1179648K
  class space    used 7962K, committed 8768K, reserved 1048576K
}
Event: 276.316 GC heap before
{Heap before GC invocations=1829 (full 4):
 PSYoungGen      total 2560K, used 2544K [0x00000000d5580000, 0x00000000d5980000, 0x0000000100000000)
  eden space 2048K, 100% used [0x00000000d5580000,0x00000000d5780000,0x00000000d5780000)
  from space 512K, 96% used [0x00000000d5900000,0x00000000d597c010,0x00000000d5980000)
  to   space 1024K, 0% used [0x00000000d5780000,0x00000000d5780000,0x00000000d5880000)
 ParOldGen       total 862720K, used 634997K [0x0000000080000000, 0x00000000b4a80000, 0x00000000d5580000)
  object space 862720K, 73% used [0x0000000080000000,0x00000000a6c1d648,0x00000000b4a80000)
 Metaspace       used 79721K, committed 81536K, reserved 1179648K
  class space    used 7962K, committed 8768K, reserved 1048576K
}
Event: 276.317 GC heap after
{Heap after GC invocations=1829 (full 4):
 PSYoungGen      total 3072K, used 384K [0x00000000d5580000, 0x00000000d5980000, 0x0000000100000000)
  eden space 2048K, 0% used [0x00000000d5580000,0x00000000d5580000,0x00000000d5780000)
  from space 1024K, 37% used [0x00000000d5780000,0x00000000d57e0000,0x00000000d5880000)
  to   space 512K, 0% used [0x00000000d5900000,0x00000000d5900000,0x00000000d5980000)
 ParOldGen       total 862720K, used 635394K [0x0000000080000000, 0x00000000b4a80000, 0x00000000d5580000)
  object space 862720K, 73% used [0x0000000080000000,0x00000000a6c80858,0x00000000b4a80000)
 Metaspace       used 79721K, committed 81536K, reserved 1179648K
  class space    used 7962K, committed 8768K, reserved 1048576K
}
Event: 276.319 GC heap before
{Heap before GC invocations=1830 (full 4):
 PSYoungGen      total 3072K, used 2432K [0x00000000d5580000, 0x00000000d5980000, 0x0000000100000000)
  eden space 2048K, 100% used [0x00000000d5580000,0x00000000d5780000,0x00000000d5780000)
  from space 1024K, 37% used [0x00000000d5780000,0x00000000d57e0000,0x00000000d5880000)
  to   space 512K, 0% used [0x00000000d5900000,0x00000000d5900000,0x00000000d5980000)
 ParOldGen       total 862720K, used 635394K [0x0000000080000000, 0x00000000b4a80000, 0x00000000d5580000)
  object space 862720K, 73% used [0x0000000080000000,0x00000000a6c80858,0x00000000b4a80000)
 Metaspace       used 79721K, committed 81536K, reserved 1179648K
  class space    used 7962K, committed 8768K, reserved 1048576K
}
Event: 276.320 GC heap after
{Heap after GC invocations=1830 (full 4):
 PSYoungGen      total 2560K, used 320K [0x00000000d5580000, 0x00000000d5980000, 0x0000000100000000)
  eden space 2048K, 0% used [0x00000000d5580000,0x00000000d5580000,0x00000000d5780000)
  from space 512K, 62% used [0x00000000d5900000,0x00000000d5950000,0x00000000d5980000)
  to   space 512K, 0% used [0x00000000d5880000,0x00000000d5880000,0x00000000d5900000)
 ParOldGen       total 862720K, used 635594K [0x0000000080000000, 0x00000000b4a80000, 0x00000000d5580000)
  object space 862720K, 73% used [0x0000000080000000,0x00000000a6cb2858,0x00000000b4a80000)
 Metaspace       used 79721K, committed 81536K, reserved 1179648K
  class space    used 7962K, committed 8768K, reserved 1048576K
}
Event: 276.324 GC heap before
{Heap before GC invocations=1831 (full 4):
 PSYoungGen      total 2560K, used 2368K [0x00000000d5580000, 0x00000000d5980000, 0x0000000100000000)
  eden space 2048K, 100% used [0x00000000d5580000,0x00000000d5780000,0x00000000d5780000)
  from space 512K, 62% used [0x00000000d5900000,0x00000000d5950000,0x00000000d5980000)
  to   space 512K, 0% used [0x00000000d5880000,0x00000000d5880000,0x00000000d5900000)
 ParOldGen       total 862720K, used 635594K [0x0000000080000000, 0x00000000b4a80000, 0x00000000d5580000)
  object space 862720K, 73% used [0x0000000080000000,0x00000000a6cb2858,0x00000000b4a80000)
 Metaspace       used 79721K, committed 81536K, reserved 1179648K
  class space    used 7962K, committed 8768K, reserved 1048576K
}
Event: 276.325 GC heap after
{Heap after GC invocations=1831 (full 4):
 PSYoungGen      total 2560K, used 484K [0x00000000d5580000, 0x00000000d5980000, 0x0000000100000000)
  eden space 2048K, 0% used [0x00000000d5580000,0x00000000d5580000,0x00000000d5780000)
  from space 512K, 94% used [0x00000000d5880000,0x00000000d58f9210,0x00000000d5900000)
  to   space 512K, 0% used [0x00000000d5900000,0x00000000d5900000,0x00000000d5980000)
 ParOldGen       total 862720K, used 635730K [0x0000000080000000, 0x00000000b4a80000, 0x00000000d5580000)
  object space 862720K, 73% used [0x0000000080000000,0x00000000a6cd4858,0x00000000b4a80000)
 Metaspace       used 79721K, committed 81536K, reserved 1179648K
  class space    used 7962K, committed 8768K, reserved 1048576K
}
Event: 276.328 GC heap before
{Heap before GC invocations=1832 (full 4):
 PSYoungGen      total 2560K, used 2532K [0x00000000d5580000, 0x00000000d5980000, 0x0000000100000000)
  eden space 2048K, 99% used [0x00000000d5580000,0x00000000d577ff58,0x00000000d5780000)
  from space 512K, 94% used [0x00000000d5880000,0x00000000d58f9210,0x00000000d5900000)
  to   space 512K, 0% used [0x00000000d5900000,0x00000000d5900000,0x00000000d5980000)
 ParOldGen       total 862720K, used 635730K [0x0000000080000000, 0x00000000b4a80000, 0x00000000d5580000)
  object space 862720K, 73% used [0x0000000080000000,0x00000000a6cd4858,0x00000000b4a80000)
 Metaspace       used 79721K, committed 81536K, reserved 1179648K
  class space    used 7962K, committed 8768K, reserved 1048576K
}
Event: 276.328 GC heap after
{Heap after GC invocations=1832 (full 4):
 PSYoungGen      total 2560K, used 352K [0x00000000d5580000, 0x00000000d5980000, 0x0000000100000000)
  eden space 2048K, 0% used [0x00000000d5580000,0x00000000d5580000,0x00000000d5780000)
  from space 512K, 68% used [0x00000000d5900000,0x00000000d5958000,0x00000000d5980000)
  to   space 512K, 0% used [0x00000000d5880000,0x00000000d5880000,0x00000000d5900000)
 ParOldGen       total 862720K, used 636150K [0x0000000080000000, 0x00000000b4a80000, 0x00000000d5580000)
  object space 862720K, 73% used [0x0000000080000000,0x00000000a6d3da68,0x00000000b4a80000)
 Metaspace       used 79721K, committed 81536K, reserved 1179648K
  class space    used 7962K, committed 8768K, reserved 1048576K
}
Event: 276.331 GC heap before
{Heap before GC invocations=1833 (full 4):
 PSYoungGen      total 2560K, used 2400K [0x00000000d5580000, 0x00000000d5980000, 0x0000000100000000)
  eden space 2048K, 100% used [0x00000000d5580000,0x00000000d5780000,0x00000000d5780000)
  from space 512K, 68% used [0x00000000d5900000,0x00000000d5958000,0x00000000d5980000)
  to   space 512K, 0% used [0x00000000d5880000,0x00000000d5880000,0x00000000d5900000)
 ParOldGen       total 862720K, used 636150K [0x0000000080000000, 0x00000000b4a80000, 0x00000000d5580000)
  object space 862720K, 73% used [0x0000000080000000,0x00000000a6d3da68,0x00000000b4a80000)
 Metaspace       used 79721K, committed 81536K, reserved 1179648K
  class space    used 7962K, committed 8768K, reserved 1048576K
}
Event: 276.332 GC heap after
{Heap after GC invocations=1833 (full 4):
 PSYoungGen      total 2560K, used 352K [0x00000000d5580000, 0x00000000d5980000, 0x0000000100000000)
  eden space 2048K, 0% used [0x00000000d5580000,0x00000000d5580000,0x00000000d5780000)
  from space 512K, 68% used [0x00000000d5880000,0x00000000d58d8000,0x00000000d5900000)
  to   space 512K, 0% used [0x00000000d5900000,0x00000000d5900000,0x00000000d5980000)
 ParOldGen       total 862720K, used 636326K [0x0000000080000000, 0x00000000b4a80000, 0x00000000d5580000)
  object space 862720K, 73% used [0x0000000080000000,0x00000000a6d69a68,0x00000000b4a80000)
 Metaspace       used 79721K, committed 81536K, reserved 1179648K
  class space    used 7962K, committed 8768K, reserved 1048576K
}

